<?xml version="1.0" encoding="UTF-8"?>
<!-- Generated by org.testng.reporters.JUnitXMLReporter -->
<testsuite ignored="3" hostname="DESKTOP-7GAAMJD" failures="0" tests="1" name="Default test" time="17.201" errors="0" timestamp="2023-08-23T20:35:55 IST">
  <testcase classname="TestCases.VerifyDemoQaAlerts" name="VerifyPromptAlert4" time="0.191"/>
  <testcase classname="TestCases.VerifyDemoQaAlerts" name="VerifyTimerAlert2" time="0.0">
    <ignored/>
  </testcase> <!-- VerifyTimerAlert2 -->
  <testcase classname="TestCases.VerifyDemoQaAlerts" name="VerifyAlert3" time="0.0">
    <ignored/>
  </testcase> <!-- VerifyAlert3 -->
  <testcase classname="TestCases.VerifyDemoQaAlerts" name="VerifyClickAlert1" time="0.0">
    <ignored/>
  </testcase> <!-- VerifyClickAlert1 -->
</testsuite> <!-- Default test -->
