<?xml version="1.0" encoding="UTF-8"?>
<!-- Generated by org.testng.reporters.JUnitXMLReporter -->
<testsuite ignored="0" hostname="DESKTOP-7GAAMJD" failures="0" tests="10" name="Test" time="2.132" errors="0" timestamp="2023-08-18T12:03:59 IST">
  <testcase classname="TestCases.VerifyFilghtAnhorTag_c1" name="@BeforeTest Setup" time="1.919">
    <failure type="java.lang.NoSuchMethodError" message="com.google.common.collect.ImmutableMap.of(Ljava/lang/Object;Ljava/lang/Object;Ljava/lang/Object;Ljava/lang/Object;Ljava/lang/Object;Ljava/lang/Object;Ljava/lang/Object;Ljava/lang/Object;Ljava/lang/Object;Ljava/lang/Object;Ljava/lang/Object;Ljava/lang/Object;)Lcom/google/common/collect/ImmutableMap;">
      <![CDATA[java.lang.NoSuchMethodError: com.google.common.collect.ImmutableMap.of(Ljava/lang/Object;Ljava/lang/Object;Ljava/lang/Object;Ljava/lang/Object;Ljava/lang/Object;Ljava/lang/Object;Ljava/lang/Object;Ljava/lang/Object;Ljava/lang/Object;Ljava/lang/Object;Ljava/lang/Object;Ljava/lang/Object;)Lcom/google/common/collect/ImmutableMap;
at org.openqa.selenium.chrome.AddHasCasting.getAdditionalCommands(AddHasCasting.java:37)
at org.openqa.selenium.chrome.ChromeDriver$ChromeDriverCommandExecutor.getExtraCommands(ChromeDriver.java:120)
at org.openqa.selenium.chrome.ChromeDriver$ChromeDriverCommandExecutor.<init>(ChromeDriver.java:115)
at org.openqa.selenium.chrome.ChromeDriver.generateExecutor(ChromeDriver.java:105)
at org.openqa.selenium.chrome.ChromeDriver.<init>(ChromeDriver.java:88)
at org.openqa.selenium.chrome.ChromeDriver.<init>(ChromeDriver.java:83)
at org.openqa.selenium.chrome.ChromeDriver.<init>(ChromeDriver.java:72)
at MainProgramsMethod1.Utility12.getDriver(Utility12.java:35)
at TestCases.VerifyFilghtAnhorTag_c1.Setup(VerifyFilghtAnhorTag_c1.java:32)
... Removed 24 stack frames]]>
    </failure>
  </testcase> <!-- @BeforeTest Setup -->
  <testcase classname="TestCases.BaseTest" name="@BeforeMethod Setup" time="-1.692340439075E9">
    <skipped/>
  </testcase> <!-- @BeforeMethod Setup -->
  <testcase classname="TestCases.BaseTest" name="@AfterMethod tearDown" time="-1.692340439091E9">
    <skipped/>
  </testcase> <!-- @AfterMethod tearDown -->
  <testcase classname="TestCases.BaseTest" name="@BeforeMethod Setup" time="-1.692340439095E9">
    <skipped/>
  </testcase> <!-- @BeforeMethod Setup -->
  <testcase classname="TestCases.BaseTest" name="@AfterMethod tearDown" time="-1.692340439112E9">
    <skipped/>
  </testcase> <!-- @AfterMethod tearDown -->
  <testcase classname="TestCases.NewChange" name="launchUrl" time="0.0">
    <skipped/>
  </testcase> <!-- launchUrl -->
  <testcase classname="TestCases.VerifyFilghtAnhorTag_c1" name="VerifyFlightlink" time="0.0">
    <skipped/>
  </testcase> <!-- VerifyFlightlink -->
  <testcase classname="TestCases.VerifyFilghtAnhorTag_c1" name="VerifyOneWayButton" time="0.001">
    <skipped/>
  </testcase> <!-- VerifyOneWayButton -->
  <testcase classname="TestCases.VerifyFilghtAnhorTag_c1" name="VerifyFromText" time="0.0">
    <skipped/>
  </testcase> <!-- VerifyFromText -->
  <testcase classname="TestCases.VerifyFilghtAnhorTag_c1" name="VerifyToText" time="0.0">
    <skipped/>
  </testcase> <!-- VerifyToText -->
  <testcase classname="TestCases.VerifyFilghtAnhorTag_c1" name="VerifyDepatureDate" time="0.0">
    <skipped/>
  </testcase> <!-- VerifyDepatureDate -->
  <testcase classname="TestCases.VerifyFilghtAnhorTag_c1" name="VerifyUrl" time="0.0">
    <skipped/>
  </testcase> <!-- VerifyUrl -->
  <testcase classname="TestCases.VerifyFilghtAnhorTag_c1" name="VerifypageTitie" time="0.0">
    <skipped/>
  </testcase> <!-- VerifypageTitie -->
  <testcase classname="TestCases.VerifyMutiselectDropdown" name="verifymultiselctDropdown" time="0.001">
    <skipped/>
  </testcase> <!-- verifymultiselctDropdown -->
  <testcase classname="TestCases.VerifyPageNavigation" name="VerifyNavigation" time="0.0">
    <skipped/>
  </testcase> <!-- VerifyNavigation -->
</testsuite> <!-- Test -->
