<?xml version="1.0" encoding="UTF-8"?>
<!-- Generated by org.testng.reporters.JUnitXMLReporter -->
<testsuite ignored="1" hostname="DESKTOP-7GAAMJD" failures="0" tests="4" name="Test" time="15.418" errors="0" timestamp="2023-08-08T18:17:43 IST">
  <testcase classname="TestCases.VerifyFilghtAnhorTag_c1" name="VerifyFlightlink" time="0.652"/>
  <testcase classname="TestCases.VerifyFilghtAnhorTag_c1" name="VerifyOneWayButton" time="0.702"/>
  <testcase classname="TestCases.VerifyFilghtAnhorTag_c1" name="VerifyFromText" time="1.175"/>
  <testcase classname="TestCases.VerifyFilghtAnhorTag_c1" name="VerifyToText" time="1.463"/>
  <testcase classname="TestCases.VerifyFilghtAnhorTag_c1" name="VerifyDepatureDate" time="0.0">
    <ignored/>
  </testcase> <!-- VerifyDepatureDate -->
</testsuite> <!-- Test -->
