<?xml version="1.0" encoding="UTF-8"?>
<testng-results ignored="0" total="4" passed="4" failed="0" skipped="0">
  <reporter-output>
  </reporter-output>
  <suite started-at="2023-08-08T18:17:27 IST" name="Suite" finished-at="2023-08-08T18:17:43 IST" duration-ms="15418">
    <groups>
      <group name="sanity">
        <method signature="VerifyFilghtAnhorTag_c1.VerifyFlightlink()[pri:1, instance:TestCases.VerifyFilghtAnhorTag_c1@24bdb479]" name="VerifyFlightlink" class="TestCases.VerifyFilghtAnhorTag_c1"/>
        <method signature="VerifyFilghtAnhorTag_c1.VerifyOneWayButton()[pri:2, instance:TestCases.VerifyFilghtAnhorTag_c1@24bdb479]" name="VerifyOneWayButton" class="TestCases.VerifyFilghtAnhorTag_c1"/>
        <method signature="VerifyFilghtAnhorTag_c1.VerifyFromText()[pri:3, instance:TestCases.VerifyFilghtAnhorTag_c1@24bdb479]" name="VerifyFromText" class="TestCases.VerifyFilghtAnhorTag_c1"/>
        <method signature="VerifyFilghtAnhorTag_c1.VerifyToText()[pri:4, instance:TestCases.VerifyFilghtAnhorTag_c1@24bdb479]" name="VerifyToText" class="TestCases.VerifyFilghtAnhorTag_c1"/>
      </group> <!-- sanity -->
    </groups>
    <test started-at="2023-08-08T18:17:27 IST" name="Test" finished-at="2023-08-08T18:17:43 IST" duration-ms="15418">
      <class name="TestCases.VerifyFilghtAnhorTag_c1">
        <test-method is-config="true" signature="Setup()[pri:0, instance:TestCases.VerifyFilghtAnhorTag_c1@24bdb479]" started-at="2023-08-08T18:17:27 IST" name="Setup" finished-at="2023-08-08T18:17:41 IST" duration-ms="13651" status="PASS">
          <reporter-output>
          </reporter-output>
        </test-method> <!-- Setup -->
        <test-method signature="VerifyFlightlink()[pri:1, instance:TestCases.VerifyFilghtAnhorTag_c1@24bdb479]" started-at="2023-08-08T18:17:41 IST" name="VerifyFlightlink" finished-at="2023-08-08T18:17:42 IST" duration-ms="652" status="PASS">
          <reporter-output>
          </reporter-output>
        </test-method> <!-- VerifyFlightlink -->
        <test-method signature="VerifyOneWayButton()[pri:2, instance:TestCases.VerifyFilghtAnhorTag_c1@24bdb479]" started-at="2023-08-08T18:17:41 IST" name="VerifyOneWayButton" finished-at="2023-08-08T18:17:42 IST" duration-ms="702" status="PASS">
          <reporter-output>
          </reporter-output>
        </test-method> <!-- VerifyOneWayButton -->
        <test-method signature="VerifyToText()[pri:4, instance:TestCases.VerifyFilghtAnhorTag_c1@24bdb479]" started-at="2023-08-08T18:17:41 IST" name="VerifyToText" finished-at="2023-08-08T18:17:43 IST" duration-ms="1463" status="PASS">
          <reporter-output>
          </reporter-output>
        </test-method> <!-- VerifyToText -->
        <test-method signature="VerifyFromText()[pri:3, instance:TestCases.VerifyFilghtAnhorTag_c1@24bdb479]" started-at="2023-08-08T18:17:41 IST" name="VerifyFromText" finished-at="2023-08-08T18:17:43 IST" duration-ms="1175" status="PASS">
          <reporter-output>
          </reporter-output>
        </test-method> <!-- VerifyFromText -->
        <test-method is-config="true" signature="teardown(org.testng.ITestResult)[pri:0, instance:TestCases.VerifyFilghtAnhorTag_c1@24bdb479]" started-at="2023-08-08T18:17:42 IST" name="teardown" finished-at="2023-08-08T18:17:42 IST" duration-ms="6" status="PASS">
          <params>
            <param index="0">
              <value>
                <![CDATA[[TestResult name=VerifyFlightlink status=SUCCESS method=VerifyFilghtAnhorTag_c1.VerifyFlightlink()[pri:1, instance:TestCases.VerifyFilghtAnhorTag_c1@24bdb479] output={null}]]]>
              </value>
            </param>
          </params>
          <reporter-output>
          </reporter-output>
        </test-method> <!-- teardown -->
        <test-method is-config="true" signature="teardown(org.testng.ITestResult)[pri:0, instance:TestCases.VerifyFilghtAnhorTag_c1@24bdb479]" started-at="2023-08-08T18:17:42 IST" name="teardown" finished-at="2023-08-08T18:17:42 IST" duration-ms="2" status="PASS">
          <params>
            <param index="0">
              <value>
                <![CDATA[[TestResult name=VerifyOneWayButton status=SUCCESS method=VerifyFilghtAnhorTag_c1.VerifyOneWayButton()[pri:2, instance:TestCases.VerifyFilghtAnhorTag_c1@24bdb479] output={null}]]]>
              </value>
            </param>
          </params>
          <reporter-output>
          </reporter-output>
        </test-method> <!-- teardown -->
        <test-method is-config="true" signature="teardown(org.testng.ITestResult)[pri:0, instance:TestCases.VerifyFilghtAnhorTag_c1@24bdb479]" started-at="2023-08-08T18:17:43 IST" name="teardown" finished-at="2023-08-08T18:17:43 IST" duration-ms="0" status="PASS">
          <params>
            <param index="0">
              <value>
                <![CDATA[[TestResult name=VerifyFromText status=SUCCESS method=VerifyFilghtAnhorTag_c1.VerifyFromText()[pri:3, instance:TestCases.VerifyFilghtAnhorTag_c1@24bdb479] output={null}]]]>
              </value>
            </param>
          </params>
          <reporter-output>
          </reporter-output>
        </test-method> <!-- teardown -->
        <test-method is-config="true" signature="teardown(org.testng.ITestResult)[pri:0, instance:TestCases.VerifyFilghtAnhorTag_c1@24bdb479]" started-at="2023-08-08T18:17:43 IST" name="teardown" finished-at="2023-08-08T18:17:43 IST" duration-ms="1" status="PASS">
          <params>
            <param index="0">
              <value>
                <![CDATA[[TestResult name=VerifyToText status=SUCCESS method=VerifyFilghtAnhorTag_c1.VerifyToText()[pri:4, instance:TestCases.VerifyFilghtAnhorTag_c1@24bdb479] output={null}]]]>
              </value>
            </param>
          </params>
          <reporter-output>
          </reporter-output>
        </test-method> <!-- teardown -->
      </class> <!-- TestCases.VerifyFilghtAnhorTag_c1 -->
    </test> <!-- Test -->
  </suite> <!-- Suite -->
</testng-results>
