<?xml version="1.0" encoding="UTF-8"?>
<testng-results ignored="0" total="1" passed="1" failed="0" skipped="0">
  <reporter-output>
  </reporter-output>
  <suite started-at="2023-08-23T18:10:10 IST" name="Default suite" finished-at="2023-08-23T18:10:28 IST" duration-ms="17137">
    <groups>
    </groups>
    <test started-at="2023-08-23T18:10:10 IST" name="Default test" finished-at="2023-08-23T18:10:28 IST" duration-ms="17137">
      <class name="TestCases.VerifyNavigation">
        <test-method is-config="true" signature="Setup()[pri:0, instance:TestCases.VerifyNavigation@77847718]" started-at="2023-08-23T18:10:10 IST" name="Setup" finished-at="2023-08-23T18:10:22 IST" duration-ms="11951" status="PASS">
          <reporter-output>
          </reporter-output>
        </test-method> <!-- Setup -->
        <test-method signature="verifyNavigations()[pri:0, instance:TestCases.VerifyNavigation@77847718]" started-at="2023-08-23T18:10:22 IST" name="verifyNavigations" finished-at="2023-08-23T18:10:27 IST" duration-ms="4693" status="PASS">
          <reporter-output>
          </reporter-output>
        </test-method> <!-- verifyNavigations -->
        <test-method is-config="true" signature="tearDown(org.testng.ITestResult)[pri:0, instance:TestCases.VerifyNavigation@77847718]" started-at="2023-08-23T18:10:27 IST" name="tearDown" finished-at="2023-08-23T18:10:28 IST" duration-ms="412" status="PASS">
          <params>
            <param index="0">
              <value>
                <![CDATA[[TestResult name=verifyNavigations status=SUCCESS method=VerifyNavigation.verifyNavigations()[pri:0, instance:TestCases.VerifyNavigation@77847718] output={null}]]]>
              </value>
            </param>
          </params>
          <reporter-output>
          </reporter-output>
        </test-method> <!-- tearDown -->
      </class> <!-- TestCases.VerifyNavigation -->
    </test> <!-- Default test -->
  </suite> <!-- Default suite -->
</testng-results>
